f:\cpp\c++study\debug\adress.bsc
f:\cpp\c-study\first\adress\debug\vc140.pdb
f:\cpp\c-study\first\adress\debug\vc140.idb
f:\cpp\c-study\first\adress\debug\address.obj
f:\cpp\c++study\adress\debug\vc140.pdb
f:\cpp\c++study\adress\debug\vc140.idb
f:\cpp\c++study\adress\debug\address.sbr
f:\cpp\c++study\adress\debug\address.obj
f:\cpp\c-study\first\debug\adress.ilk
f:\cpp\c-study\first\debug\adress.exe
f:\cpp\c-study\first\debug\adress.pdb
f:\cpp\c++study\debug\adress.ilk
f:\cpp\c++study\debug\adress.exe
f:\cpp\c++study\debug\adress.pdb
f:\cpp\c++study\adress\debug\adress.tlog\bscmake.command.1.tlog
f:\cpp\c++study\adress\debug\adress.tlog\bscmake.read.1.tlog
f:\cpp\c++study\adress\debug\adress.tlog\bscmake.write.1.tlog
f:\cpp\c++study\adress\debug\adress.tlog\cl.command.1.tlog
f:\cpp\c++study\adress\debug\adress.tlog\cl.read.1.tlog
f:\cpp\c++study\adress\debug\adress.tlog\cl.write.1.tlog
f:\cpp\c++study\adress\debug\adress.tlog\link.command.1.tlog
f:\cpp\c++study\adress\debug\adress.tlog\link.read.1.tlog
f:\cpp\c++study\adress\debug\adress.tlog\link.write.1.tlog
