f:\cpp\c-study\first\first\debug\vc140.pdb
f:\cpp\c-study\first\first\debug\vc140.idb
f:\cpp\c-study\first\first\debug\eat carrots.nativecodeanalysis.xml
f:\cpp\c-study\first\first\debug\gambling.nativecodeanalysis.xml
f:\cpp\c-study\first\first\debug\get bmi.nativecodeanalysis.xml
f:\cpp\c-study\first\first\debug\infoget.nativecodeanalysis.xml
f:\cpp\c-study\first\first\debug\sqrt.nativecodeanalysis.xml
f:\cpp\c-study\first\first\debug\study.nativecodeanalysis.xml
f:\cpp\c-study\first\first\debug\study.obj
f:\cpp\c-study\first\first\debug\sqrt.obj
f:\cpp\c-study\first\first\debug\infoget.obj
f:\cpp\c-study\first\first\debug\get bmi.obj
f:\cpp\c-study\first\first\debug\gambling.obj
f:\cpp\c-study\first\first\debug\eat carrots.obj
f:\cpp\c-study\first\first\debug\test rand.obj
f:\cpp\c-study\first\first\debug\limits.obj
f:\cpp\c-study\first\first\debug\hex oct.obj
f:\cpp\c-study\first\first\debug\char.obj
f:\cpp\c-study\first\first\debug\char-chinese.obj
f:\cpp\c-study\first\first\debug\circle.obj
f:\cpp\c-study\first\first\debug\quality factor.obj
f:\cpp\c-study\first\first\debug\seconds upgrade.obj
f:\cpp\c-study\first\first\debug\array1.obj
f:\cpp\c-study\first\first\debug\array2.obj
f:\cpp\c-study\first\first\debug\first.obj
f:\cpp\c-study\first\first\debug\get.obj
f:\cpp\c-study\first\first\debug\string.obj
f:\cpp\c-study\first\first\debug\union.obj
f:\cpp\c-study\first\first\debug\union1.obj
f:\cpp\c-study\first\first\debug\enumeration.obj
f:\cpp\c-study\first\first\debug\address.obj
f:\cpp\c-study\first\first\debug\pointer.obj
f:\cpp\c-study\first\first\debug\newmemory.obj
f:\cpp\c-study\first\first\debug\pointarray.obj
f:\cpp\c-study\first\first\debug\change word.obj
f:\cpp\c-study\first\first\debug\pointer transfer.obj
f:\cpp\c++study\first\debug\vc140.pdb
f:\cpp\c++study\first\debug\vc140.idb
f:\cpp\c++study\first\debug\first.sbr
f:\cpp\c++study\first\debug\first.obj
f:\cpp\c-study\first\debug\first.ilk
f:\cpp\c-study\first\debug\first.exe
f:\cpp\c-study\first\debug\first.pdb
f:\cpp\c++study\first\debug\address.obj
f:\cpp\c++study\first\debug\array1.obj
f:\cpp\c++study\first\debug\array2.obj
f:\cpp\c++study\first\debug\change word.obj
f:\cpp\c++study\first\debug\char-chinese.obj
f:\cpp\c++study\first\debug\char.obj
f:\cpp\c++study\first\debug\circle.obj
f:\cpp\c++study\first\debug\eat carrots.obj
f:\cpp\c++study\first\debug\enumeration.obj
f:\cpp\c++study\first\debug\gambling.obj
f:\cpp\c++study\first\debug\get bmi.obj
f:\cpp\c++study\first\debug\get.obj
f:\cpp\c++study\first\debug\hex oct.obj
f:\cpp\c++study\first\debug\infoget.obj
f:\cpp\c++study\first\debug\limits.obj
f:\cpp\c++study\first\debug\newmemory.obj
f:\cpp\c++study\first\debug\pointarray.obj
f:\cpp\c++study\first\debug\pointer transfer.obj
f:\cpp\c++study\first\debug\pointer.obj
f:\cpp\c++study\first\debug\quality factor.obj
f:\cpp\c++study\first\debug\seconds upgrade.obj
f:\cpp\c++study\first\debug\sqrt.obj
f:\cpp\c++study\first\debug\string.obj
f:\cpp\c++study\first\debug\study.obj
f:\cpp\c++study\first\debug\test rand.obj
f:\cpp\c++study\first\debug\union.obj
f:\cpp\c++study\first\debug\union1.obj
f:\cpp\c++study\first\debug\nativecodeanalysis.read.1.tlog
f:\cpp\c++study\first\debug\eat carrots.nativecodeanalysis.xml
f:\cpp\c++study\first\debug\gambling.nativecodeanalysis.xml
f:\cpp\c++study\first\debug\get bmi.nativecodeanalysis.xml
f:\cpp\c++study\first\debug\infoget.nativecodeanalysis.xml
f:\cpp\c++study\first\debug\sqrt.nativecodeanalysis.xml
f:\cpp\c++study\first\debug\study.nativecodeanalysis.xml
f:\cpp\c++study\first\debug\vc.nativecodeanalysis.all.xml
f:\cpp\c++study\debug\first.pdb
f:\cpp\c++study\debug\first.exe.lastcodeanalysissucceeded
f:\cpp\c++study\first\debug\first.tlog\cl.command.1.tlog
f:\cpp\c++study\first\debug\first.tlog\cl.read.1.tlog
f:\cpp\c++study\first\debug\first.tlog\cl.write.1.tlog
f:\cpp\c++study\first\debug\first.tlog\link-cvtres.read.1.tlog
f:\cpp\c++study\first\debug\first.tlog\link-cvtres.write.1.tlog
f:\cpp\c++study\first\debug\first.tlog\link-rc.read.1.tlog
f:\cpp\c++study\first\debug\first.tlog\link-rc.write.1.tlog
f:\cpp\c++study\first\debug\first.tlog\link.command.1.tlog
f:\cpp\c++study\first\debug\first.tlog\link.read.1.tlog
f:\cpp\c++study\first\debug\first.tlog\link.write.1.tlog
