f:\cpp\c++study\debug\array1.bsc
f:\cpp\c-study\first\array1\debug\vc140.pdb
f:\cpp\c-study\first\array1\debug\vc140.idb
f:\cpp\c-study\first\array1\debug\array1.obj
f:\cpp\c++study\array1\debug\vc140.pdb
f:\cpp\c++study\array1\debug\vc140.idb
f:\cpp\c++study\array1\debug\array1.sbr
f:\cpp\c++study\array1\debug\array1.obj
f:\cpp\c-study\first\debug\array1.ilk
f:\cpp\c-study\first\debug\array1.exe
f:\cpp\c-study\first\debug\array1.pdb
f:\cpp\c++study\debug\array1.ilk
f:\cpp\c++study\debug\array1.exe
f:\cpp\c++study\debug\array1.pdb
f:\cpp\c++study\array1\debug\array1.tlog\bscmake.command.1.tlog
f:\cpp\c++study\array1\debug\array1.tlog\bscmake.read.1.tlog
f:\cpp\c++study\array1\debug\array1.tlog\bscmake.write.1.tlog
f:\cpp\c++study\array1\debug\array1.tlog\cl.command.1.tlog
f:\cpp\c++study\array1\debug\array1.tlog\cl.read.1.tlog
f:\cpp\c++study\array1\debug\array1.tlog\cl.write.1.tlog
f:\cpp\c++study\array1\debug\array1.tlog\link.command.1.tlog
f:\cpp\c++study\array1\debug\array1.tlog\link.read.1.tlog
f:\cpp\c++study\array1\debug\array1.tlog\link.write.1.tlog
